<?xml version="1.0" encoding="UTF-8"?>
<!-- Generated by org.testng.reporters.JUnitXMLReporter -->
<testsuite hostname="DESKTOP-QJKO3QE" ignored="0" name="dependtest" tests="3" failures="0" timestamp="28 十二月 2017 15:20:06 GMT" time="0.024" errors="0">
  <testcase name="initEnvironmentTest" time="0.006" classname="com.vincent.ttestng.DependTest1"/>
  <testcase name="testPrintMessage" time="0.002" classname="com.vincent.ttestng.DependTest1"/>
  <testcase name="testSalutationMessage" time="0.001" classname="com.vincent.ttestng.DependTest1"/>
</testsuite> <!-- dependtest -->
