<?xml version="1.0" encoding="UTF-8"?>
<!-- Generated by org.testng.reporters.JUnitXMLReporter -->
<testsuite hostname="DESKTOP-QJKO3QE" ignored="0" name="TestCase1" tests="6" failures="0" timestamp="25 十二月 2017 15:59:48 GMT" time="0.032" errors="0">
  <testcase name="deployServer" time="0.006" classname="com.vincent.testng.TestServer"/>
  <testcase name="deployBackUpServer" time="0.001" classname="com.vincent.testng.TestServer"/>
  <testcase name="initDB" time="0.001" classname="com.vincent.testng.TestDB"/>
  <testcase name="testConnection" time="0.0" classname="com.vincent.testng.TestDB"/>
  <testcase name="method1" time="0.001" classname="com.vincent.testng.TestApp"/>
  <testcase name="method2" time="0.0" classname="com.vincent.testng.TestApp"/>
</testsuite> <!-- TestCase1 -->
