<?xml version="1.0" encoding="UTF-8"?>
<!-- Generated by org.testng.reporters.JUnitXMLReporter -->
<testsuite hostname="DESKTOP-QJKO3QE" ignored="0" name="Default test" tests="2" failures="0" timestamp="23 十月 2017 13:59:56 GMT" time="0.025" errors="0">
  <testcase name="testMethodsOne" time="0.003" classname="com.vincent.testng.parallelism.ParallelMethodTest"/>
  <testcase name="testMethodsTwo" time="0.001" classname="com.vincent.testng.parallelism.ParallelMethodTest"/>
</testsuite> <!-- Default test -->
