<?xml version="1.0" encoding="UTF-8"?>
<!-- Generated by org.testng.reporters.JUnitXMLReporter -->
<testsuite hostname="DESKTOP-QJKO3QE" ignored="1" name="Default test" tests="1" failures="0" timestamp="21 十一月 2017 14:45:59 GMT" time="0.019" errors="0">
  <testcase name="testSalutationMessage" time="0.007" classname="com.vincent.testng.IgnoreTest"/>
  <testcase name="testPrintMessage" time="0.0" classname="com.vincent.testng.IgnoreTest">
    <ignored/>
  </testcase> <!-- testPrintMessage -->
</testsuite> <!-- Default test -->
