<?xml version="1.0" encoding="UTF-8"?>
<!-- Generated by org.testng.reporters.JUnitXMLReporter -->
<testsuite hostname="DESKTOP-QJKO3QE" ignored="2" name="grouptest2" tests="1" failures="0" timestamp="28 十二月 2017 14:38:47 GMT" time="0.02" errors="0">
  <testcase name="testSalutationMessage" time="0.007" classname="com.vincent.ttestng.GroupTest"/>
  <testcase name="testPrintMessage" time="0.0" classname="com.vincent.ttestng.GroupTest">
    <ignored/>
  </testcase> <!-- testPrintMessage -->
  <testcase name="testingExitMessage" time="0.0" classname="com.vincent.ttestng.GroupTest">
    <ignored/>
  </testcase> <!-- testingExitMessage -->
</testsuite> <!-- grouptest2 -->
