<?xml version="1.0" encoding="UTF-8"?>
<!-- Generated by org.testng.reporters.JUnitXMLReporter -->
<testsuite hostname="DESKTOP-QJKO3QE" ignored="0" name="case1" tests="4" failures="0" timestamp="19 九月 2017 15:14:18 GMT" time="0.023" errors="0">
  <testcase name="runOtherTest1" time="0.003" classname="com.vincent.testng.dbc.TestConfiguration"/>
  <testcase name="runOtherTest2" time="0.002" classname="com.vincent.testng.dbc.TestConfiguration"/>
  <testcase name="runOtherTest1" time="0.002" classname="com.vincent.testng.dbc.TestDBConnection"/>
  <testcase name="runOtherTest2" time="0.002" classname="com.vincent.testng.dbc.TestDBConnection"/>
</testsuite> <!-- case1 -->
