<?xml version="1.0" encoding="UTF-8"?>
<!-- Generated by org.testng.reporters.JUnitXMLReporter -->
<testsuite hostname="DESKTOP-QJKO3QE" ignored="0" name="case1" tests="4" failures="0" timestamp="20 一月 2018 13:40:15 GMT" time="0.02" errors="0">
  <testcase name="runOtherTest1" time="0.004" classname="com.vincent.testng.dbc.TestConfiguration"/>
  <testcase name="runOtherTest2" time="0.001" classname="com.vincent.testng.dbc.TestConfiguration"/>
  <testcase name="runOtherTest1" time="0.001" classname="com.vincent.testng.dbc.TestDBConnection"/>
  <testcase name="runOtherTest2" time="0.001" classname="com.vincent.testng.dbc.TestDBConnection"/>
</testsuite> <!-- case1 -->
