<?xml version="1.0" encoding="UTF-8"?>
<!-- Generated by org.testng.reporters.JUnitXMLReporter -->
<testsuite hostname="DESKTOP-QJKO3QE" ignored="2" name="database" tests="2" failures="0" timestamp="20 一月 2018 08:46:59 GMT" time="0.024" errors="0">
  <testcase name="testConnectMsSQL" time="0.008" classname="com.vincent.testng.TestDataBase"/>
  <testcase name="testConnectOracle" time="0.002" classname="com.vincent.testng.TestDataBase"/>
  <testcase name="testConnectMongoDB" time="0.0" classname="com.vincent.testng.TestDataBase">
    <ignored/>
  </testcase> <!-- testConnectMongoDB -->
  <testcase name="testConnectMySQL" time="0.0" classname="com.vincent.testng.TestDataBase">
    <ignored/>
  </testcase> <!-- testConnectMySQL -->
</testsuite> <!-- database -->
