<?xml version="1.0" encoding="UTF-8"?>
<!-- Generated by org.testng.reporters.JUnitXMLReporter -->
<testsuite hostname="DESKTOP-QJKO3QE" ignored="2" name="database" tests="2" failures="0" timestamp="25 十二月 2017 15:22:14 GMT" time="0.021" errors="0">
  <testcase name="testConnectMsSQL" time="0.006" classname="com.vincent.testng.TestDataBase"/>
  <testcase name="testConnectOracle" time="0.001" classname="com.vincent.testng.TestDataBase"/>
  <testcase name="testConnectMongoDB" time="0.0" classname="com.vincent.testng.TestDataBase">
    <ignored/>
  </testcase> <!-- testConnectMongoDB -->
  <testcase name="testConnectMySQL" time="0.0" classname="com.vincent.testng.TestDataBase">
    <ignored/>
  </testcase> <!-- testConnectMySQL -->
</testsuite> <!-- database -->
