<?xml version="1.0" encoding="UTF-8"?>
<!-- Generated by org.testng.reporters.JUnitXMLReporter -->
<testsuite hostname="DESKTOP-QJKO3QE" ignored="2" name="order" tests="2" failures="0" timestamp="20 一月 2018 08:45:08 GMT" time="0.022" errors="0">
  <testcase name="testMakeOrder" time="0.005" classname="com.vincent.testng.TestOrder"/>
  <testcase name="testUpdateOrder" time="0.002" classname="com.vincent.testng.TestOrder"/>
  <testcase name="testFindOrder" time="0.0" classname="com.vincent.testng.TestOrder">
    <ignored/>
  </testcase> <!-- testFindOrder -->
  <testcase name="testMakeEmptyOrder" time="0.0" classname="com.vincent.testng.TestOrder">
    <ignored/>
  </testcase> <!-- testMakeEmptyOrder -->
</testsuite> <!-- order -->
