<?xml version="1.0" encoding="UTF-8"?>
<!-- Generated by org.testng.reporters.JUnitXMLReporter -->
<testsuite hostname="DESKTOP-QJKO3QE" ignored="0" name="order" tests="4" failures="0" timestamp="25 十二月 2017 13:46:16 GMT" time="0.02" errors="0">
  <testcase name="testFindOrder" time="0.003" classname="com.vincent.testng.TestOrder"/>
  <testcase name="testMakeEmptyOrder" time="0.001" classname="com.vincent.testng.TestOrder"/>
  <testcase name="testMakeOrder" time="0.001" classname="com.vincent.testng.TestOrder"/>
  <testcase name="testUpdateOrder" time="0.001" classname="com.vincent.testng.TestOrder"/>
</testsuite> <!-- order -->
