<?xml version="1.0" encoding="UTF-8"?>
<!-- Generated by org.testng.reporters.JUnitXMLReporter -->
<testsuite hostname="DESKTOP-QJKO3QE" ignored="3" name="selenium" tests="4" failures="0" timestamp="20 一月 2018 11:36:18 GMT" time="0.01" errors="0">
  <testcase name="runSelenium" time="0.001" classname="com.vincent.testng.TestSelenium"/>
  <testcase name="runSelenium1" time="0.001" classname="com.vincent.testng.TestSelenium"/>
  <testcase name="runSelenium" time="0.001" classname="com.vincent.testng.TestGroup"/>
  <testcase name="runSelenium1" time="0.001" classname="com.vincent.testng.TestGroup"/>
  <testcase name="testConnectMsSQL" time="0.0" classname="com.vincent.testng.TestGroup">
    <ignored/>
  </testcase> <!-- testConnectMsSQL -->
  <testcase name="runFinal" time="0.0" classname="com.vincent.testng.TestGroup">
    <ignored/>
  </testcase> <!-- runFinal -->
  <testcase name="testConnectOracle" time="0.0" classname="com.vincent.testng.TestGroup">
    <ignored/>
  </testcase> <!-- testConnectOracle -->
</testsuite> <!-- selenium -->
