<?xml version="1.0" encoding="UTF-8"?>
<!-- Generated by org.testng.reporters.JUnitXMLReporter -->
<testsuite hostname="DESKTOP-QJKO3QE" ignored="1" name="example1" tests="1" failures="0" timestamp="20 一月 2018 13:56:39 GMT" time="0.021" errors="0">
  <testcase name="test1" time="0.006" classname="com.vincent.testng.TestParameterDataProvider4"/>
  <testcase name="test2" time="0.0" classname="com.vincent.testng.TestParameterDataProvider4">
    <ignored/>
  </testcase> <!-- test2 -->
</testsuite> <!-- example1 -->
