<?xml version="1.0" encoding="UTF-8"?>
<!-- Generated by org.testng.reporters.JUnitXMLReporter -->
<testsuite hostname="DESKTOP-QJKO3QE" ignored="0" name="Independent test" tests="6" failures="0" timestamp="23 十月 2017 14:51:53 GMT" time="0.027" errors="0">
  <testcase name="testMethod" time="0.007" classname="com.vincent.testng.parallelism.IndependentTest"/>
  <testcase name="testMethod" time="0.007" classname="com.vincent.testng.parallelism.IndependentTest"/>
  <testcase name="testMethod" time="0.007" classname="com.vincent.testng.parallelism.IndependentTest"/>
  <testcase name="testMethod" time="0.001" classname="com.vincent.testng.parallelism.IndependentTest"/>
  <testcase name="testMethod" time="0.003" classname="com.vincent.testng.parallelism.IndependentTest"/>
  <testcase name="testMethod" time="0.003" classname="com.vincent.testng.parallelism.IndependentTest"/>
</testsuite> <!-- Independent test -->
