<?xml version="1.0" encoding="UTF-8"?>
<!-- Generated by org.testng.reporters.JUnitXMLReporter -->
<testsuite hostname="DESKTOP-QJKO3QE" ignored="0" name="Independent test" tests="6" failures="0" timestamp="16 一月 2018 15:09:55 GMT" time="0.026" errors="0">
  <testcase name="testMethod" time="0.006" classname="com.vincent.parallel.IndependentTest"/>
  <testcase name="testMethod" time="0.006" classname="com.vincent.parallel.IndependentTest"/>
  <testcase name="testMethod" time="0.006" classname="com.vincent.parallel.IndependentTest"/>
  <testcase name="testMethod" time="0.001" classname="com.vincent.parallel.IndependentTest"/>
  <testcase name="testMethod" time="0.003" classname="com.vincent.parallel.IndependentTest"/>
  <testcase name="testMethod" time="0.002" classname="com.vincent.parallel.IndependentTest"/>
</testsuite> <!-- Independent test -->
