<?xml version="1.0" encoding="UTF-8"?>
<!-- Generated by org.testng.reporters.JUnitXMLReporter -->
<testsuite hostname="DESKTOP-QJKO3QE" ignored="0" name="Default test" tests="3" failures="0" timestamp="08 一月 2018 15:19:39 GMT" time="4.195" errors="0">
  <testcase name="getWindowMethod1" time="0.13" classname="com.vincent.selenium.SwitchWindow"/>
  <testcase name="getWindowMethod2" time="0.102" classname="com.vincent.selenium.SwitchWindow"/>
  <testcase name="getWindowMethod3" time="0.332" classname="com.vincent.selenium.SwitchWindow"/>
</testsuite> <!-- Default test -->
