<?xml version="1.0" encoding="UTF-8"?>
<!-- Generated by org.testng.reporters.JUnitXMLReporter -->
<testsuite hostname="DESKTOP-QJKO3QE" ignored="0" name="Default test" tests="5" failures="0" timestamp="06 一月 2018 15:28:25 GMT" time="0.187" errors="0">
  <testcase name="ts" time="0.015" classname="com.vincent.datadriveno.ExcelDataTest"/>
  <testcase name="ts" time="0.0" classname="com.vincent.datadriveno.ExcelDataTest"/>
  <testcase name="ts" time="0.0" classname="com.vincent.datadriveno.ExcelDataTest"/>
  <testcase name="ts" time="0.0" classname="com.vincent.datadriveno.ExcelDataTest"/>
  <testcase name="ts" time="0.0" classname="com.vincent.datadriveno.ExcelDataTest"/>
</testsuite> <!-- Default test -->
