<?xml version="1.0" encoding="UTF-8"?>
<testng-results skipped="0" failed="0" ignored="0" total="1" passed="1">
  <reporter-output>
  </reporter-output>
  <suite name="Default suite" duration-ms="5363" started-at="2018-11-19T15:05:00Z" finished-at="2018-11-19T15:05:05Z">
    <groups>
    </groups>
    <test name="Default test" duration-ms="5363" started-at="2018-11-19T15:05:00Z" finished-at="2018-11-19T15:05:05Z">
      <class name="com.jase.test.MavenBaidu">
        <test-method status="PASS" signature="testMavenBaiDu()[pri:0, instance:com.jase.test.MavenBaidu@25af5db5]" name="testMavenBaiDu" duration-ms="5326" started-at="2018-11-19T15:05:00Z" finished-at="2018-11-19T15:05:05Z">
          <reporter-output>
          </reporter-output>
        </test-method> <!-- testMavenBaiDu -->
      </class> <!-- com.jase.test.MavenBaidu -->
    </test> <!-- Default test -->
  </suite> <!-- Default suite -->
</testng-results>
